---------------------------------------
Resource Usage Report for led 

Mapping to part: ice40up5ksg48i-6
Cell usage:
CCU2_B          22 uses
FD1P3DZ         22 uses
FD1P3IZ         22 uses
VHI             1 use
VLO             1 use
LUT4            20 uses

I/O ports: 5
I/O primitives: 5
IB             2 uses
OBZ_B          3 uses

I/O Register bits:                  0
Register bits not including I/Os:   44 of 5280 (0%)

@S |Mapping Summary:
Total  LUTs: 20 (0%)

Distribution of All Consumed LUTs = LUT4 
Distribution of All Consumed LUTs 20 = 20 

