
timing -sethld -v 10 -u 10 -endpoints 10 -nperend 1 -sp High-Performance_1.2V -hsp m   -pwrprd -html -rpt "lab_lab_1.twr" "lab_lab_1.udb" 
timing -sethld -v 10 -u 10 -endpoints 10 -nperend 1 -sp High-Performance_1.2V -hsp m -pwrprd -html -rpt lab_lab_1.twr lab_lab_1.udb -gui -msgset C:/Users/felix/Documents/Master_1ECAM/FPGA/lab/promote.xml
Starting design reading...
Loading device for application GENERIC from file 'itpa08.nph' in environment: C:/lscc/radiant/2025.2/ispfpga.
Package Status:                     Preliminary    Version 1.5.
Virtual clock 'main' is using in the design.
Performance Hardware Data Status:   Advanced       Version 1.0.
Loading udb::Database ...
Design:  led
Family:  iCE40UP
Device:  iCE40UP5K
Package: SG48
Performance Grade:   High-Performance_1.2V



Successfully loading udb, 0.06 seconds

Initializing timer
Starting design annotation....
High-Performance_1.2V

Starting full timing analysis...
Performance Hardware Data Status:   Advanced       Version 1.0.
Connections ignored  28  counted  260  covered  0
Changing speed to m;   changing temperature to -40

STA Runtime and Peak Memory Usage :
Total CPU Time: 0 secs 
Total REAL Time: 0 secs 
Peak Memory Usage: 99 MB

 1.055638s wall, 0.843750s user + 0.156250s system = 1.000000s CPU (94.7%)

