
Copyright (C) 1994-2025 Synopsys, Inc.
This Synopsys software and all associated documentation are proprietary to Synopsys, Inc.
and may only be used pursuant to the terms and conditions of a written license agreement
with Synopsys, Inc. All other use, reproduction, modification, or distribution of the
Synopsys software or the associated documentation is strictly prohibited.
Tool: Synplify Pro (R)
Build: W-2025.03LR-SP1
Install: C:\lscc\radiant\2025.2\synpbase
OS: Windows 10 or later
Hostname: PCDEFÉLIX

Implementation : lab_1

# Written on Mon May  4 11:43:46 2026

##### FILES SYNTAX CHECKED ##############################################
Constraint File(s):      "C:\lscc\radiant\2025.2\scripts\tcl\flow\radiant_synplify_vars.tcl"
                         "C:\Users\felix\Documents\Master_1ECAM\FPGA\lab\lab3.sdc"

#Run constraint checker to find more issues with constraints.
#########################################################################



No issues found in constraint syntax.



Clock Summary
*************

          Start       Requested     Requested     Clock        Clock                     Clock
Level     Clock       Frequency     Period        Type         Group                     Load 
----------------------------------------------------------------------------------------------
0 -       main        12.0 MHz      83.333        virtual      default_clkgroup          0    
                                                                                              
0 -       led|clk     200.0 MHz     5.000         inferred     Inferred_clkgroup_0_1     44   
==============================================================================================


Clock Load Summary
******************

            Clock     Source        Clock Pin       Non-clock Pin     Non-clock Pin
Clock       Load      Pin           Seq Example     Seq Example       Comb Example 
-----------------------------------------------------------------------------------
main        0         -             -               -                 -            
                                                                                   
led|clk     44        clk(port)     reg_led_g.C     -                 -            
===================================================================================
