
                         Lattice Mapping Report File

Design:  led
Family:  iCE40UP
Device:  iCE40UP5K
Package: SG48
Performance Grade:  High-Performance_1.2V

Mapper:    version Radiant Software (64-bit) 2025.2.0.48.0
Mapped on: Mon May  4 11:46:01 2026

Design Information
------------------

Command line:   map -pdc C:/Users/felix/Documents/Master_1ECAM/FPGA/lab/lab3.pdc
     -i lab_lab_1_syn.udb -o lab_lab_1_map.udb -mp lab_lab_1.mrp -hierrpt -gui
     -msgset C:/Users/felix/Documents/Master_1ECAM/FPGA/lab/promote.xml

Design Summary
--------------

   Number of slice registers:  44 out of  5280 (1%)
   Number of I/O registers:      0 out of   117 (0%)
   Number of LUT4s:            66 out of  5280 (1%)
      Number of logic LUT4s:              22
      Number of ripple logic:             22 (44 LUT4s)
   Number of IO sites used:   5 out of 39 (13%)
      Number of IO sites used for general PIO: 2
      Number of IO sites used for I3C: 0 out of 2 (0%)
      (note: If I3C is not used, its site can be used as general PIO)
      Number of IO sites used for PIO+I3C: 2 out of 36 (6%)
      Number of IO sites used for OD+RGB IO buffers: 3 out of 3 (100%)
      (note: If RGB LED drivers are not used, sites can be used as OD outputs,
       see TN1288 iCE40 LED Driver Usage Guide)
      Number of IO sites used for PIO+I3C+OD+RGB: 5 out of 39 (13%)
   Number of DSPs:             0 out of 8 (0%)
   Number of I2Cs:             0 out of 2 (0%)
   Number of High Speed OSCs:  0 out of 1 (0%)
   Number of Low Speed OSCs:   0 out of 1 (0%)
   Number of RGB PWM:          0 out of 1 (0%)
   Number of RGB Drivers:      0 out of 1 (0%)
   Number of SCL FILTERs:      0 out of 2 (0%)
   Number of SRAMs:            0 out of 4 (0%)
   Number of WARMBOOTs:        0 out of 1 (0%)
   Number of SPIs:             0 out of 2 (0%)
   Number of EBRs:             0 out of 30 (0%)
   Number of PLLs:             0 out of 1 (0%)
   Number of Clocks:  1
      Net clk_c: 31 loads, 31 rising, 0 falling (Driver: Port clk)
   Number of Clock Enables:  0
   Number of LSRs:  1
      Pin btn: 19 loads, 19 SLICEs (Net: btn_c)
   Top 10 highest fanout non-clock nets:
      Net btn_c: 21 loads
      Net op_eq.counter_g6_18: 11 loads
      Net counter_g_RNI96SE6[6]: 10 loads
      Net op_eq.counter_g6_11: 10 loads
      Net counter_g[0]: 4 loads
      Net counter_g[12]: 2 loads
      Net counter_g[13]: 2 loads
      Net counter_g[1]: 2 loads

                                    Page 1





Design Summary (cont)
---------------------
      Net counter_g[21]: 2 loads
      Net counter_g[6]: 2 loads





   Number of warnings:  0
   Number of criticals: 0
   Number of errors:    0

Design Errors/Criticals/Warnings
--------------------------------

   No error, critical, or warning presents.
INFO <52291017> - map: Port 'led_r' is located on BB_OD pad '41'. Its IO buffer
     is mapped to BB_OD accordingly. Please notice PULLMODE is not applicable to
     BB_OD.
INFO <52291017> - map: Port 'led_g' is located on BB_OD pad '40'. Its IO buffer
     is mapped to BB_OD accordingly. Please notice PULLMODE is not applicable to
     BB_OD.
INFO <52291017> - map: Port 'led_b' is located on BB_OD pad '39'. Its IO buffer
     is mapped to BB_OD accordingly. Please notice PULLMODE is not applicable to
     BB_OD.

IO (PIO) Attributes
-------------------

+---------------------+-----------+-----------+-------+-------+-----------+
| IO Name             | Direction | Levelmode |  IO   |  IO   | Special   |
|                     |           |  IO_TYPE  |  REG  |  DDR  | IO Buffer |
+---------------------+-----------+-----------+-------+-------+-----------+
| clk                 | INPUT     |           |       |       |           |
+---------------------+-----------+-----------+-------+-------+-----------+
| btn                 | INPUT     |           |       |       |           |
+---------------------+-----------+-----------+-------+-------+-----------+
| led_r               | OUTPUT    |           |       |       | OD        |
+---------------------+-----------+-----------+-------+-------+-----------+
| led_g               | OUTPUT    |           |       |       | OD        |
+---------------------+-----------+-----------+-------+-------+-----------+
| led_b               | OUTPUT    |           |       |       | OD        |
+---------------------+-----------+-----------+-------+-------+-----------+

Constraint Summary
------------------

   Total number of constraints: 6
   Total number of constraints dropped: 0

Run Time and Memory Usage
-------------------------

   Total CPU Time: 0 secs
   Total REAL Time: 0 secs
   Peak Memory Usage: 66 MB
Checksum -- map: 1454b7b9f169356513e87ee1b3325384f52da18d



                                    Page 2


Copyright (c) 1991-1994 by NeoCAD Inc. All rights reserved.
Copyright (c) 1995
     AT&T Corp.   All rights reserved.
Copyright (c) 1995-2001 Lucent
     Technologies Inc.  All rights reserved.
Copyright (c) 2001 Agere Systems
     All rights reserved.
Copyright (c) 2002-2025 Lattice Semiconductor
     Corporation,  All rights reserved.
