{
"Synplify Pro (R) Job Log" : {
	"Date" : "11:43:59    04-May-2026",
	"Working Directory" : "C:/Users/felix/Documents/Master_1ECAM/FPGA/lab/lab_1",
	"Install" : "C:/lscc/radiant/2025.2/synpbase"
},
"hdl_info_gen" :{
   "Job Flow" : "Sequential",
   "Start Time" : "11:43:40",
   "Runtime" : "00s",
   "Executable Run Time" : "00s",
   "hdl_info_gen" : {
      "executable" : "bin64/c_vhdl.exe",
      "Run Directory" : "C:/Users/felix/Documents/Master_1ECAM/FPGA/lab/lab_1",
      "Run State" : "Complete",
      "Return Code" : "0",
      "Run Success" : "yes",
      "Run Start Time" : "11:43:40",
      "Run Time" : "00s",
      "Exe Run Time" : "00s",
      "Memory Usage" : "-",
      "Up-to-date (run skipped)" : "no"
   }
},
"lab_1" :{
   "Job Flow" : "Sequential",
   "Start Time" : "11:43:41",
   "Runtime" : "18s",
   "Executable Run Time" : "16s",
   "synthesis" : {
      "Job Flow" : "Sequential",
      "Start Time" : "11:43:41",
      "Runtime" : "18s",
      "Executable Run Time" : "16s",
      "compile" : {
         "Job Flow" : "Sequential",
         "Start Time" : "11:43:41",
         "Runtime" : "09s",
         "Executable Run Time" : "08s",
         "compile_flow" : {
            "Job Flow" : "Sequential",
            "Start Time" : "11:43:41",
            "Runtime" : "04s",
            "Executable Run Time" : "03s",
            "compiler" : {
               "executable" : "bin64/c_hdl.exe",
               "Run Directory" : "C:/Users/felix/Documents/Master_1ECAM/FPGA/lab/lab_1",
               "Run State" : "Complete",
               "Return Code" : "0",
               "Run Success" : "yes",
               "Run Start Time" : "11:43:41",
               "Run Time" : "04s",
               "Exe Run Time" : "03s",
               "max_parallel_jobs" : "4",
               "Memory Usage" : "-",
               "Up-to-date (run skipped)" : "no"
            },
            "multi_srs_gen" : {
               "executable" : "bin64/syn_nfilter.exe",
               "Run Directory" : "C:/Users/felix/Documents/Master_1ECAM/FPGA/lab/lab_1",
               "Run State" : "Complete",
               "Return Code" : "0",
               "Run Success" : "yes",
               "Run Start Time" : "11:43:45",
               "Run Time" : "00s",
               "Exe Run Time" : "00s",
               "Memory Usage" : "-",
               "Up-to-date (run skipped)" : "no"
            }
         },
         "premap" : {
            "executable" : "bin64/m_generic.exe",
            "Run Directory" : "C:/Users/felix/Documents/Master_1ECAM/FPGA/lab/lab_1",
            "Run State" : "Complete",
            "Return Code" : "1",
            "Run Success" : "yes",
            "Run Start Time" : "11:43:45",
            "Run Time" : "05s",
            "Exe Run Time" : "05s",
            "Memory Usage" : "-",
            "Up-to-date (run skipped)" : "no"
         }
      },
      "map" : {
         "Job Flow" : "Sequential",
         "Start Time" : "11:43:51",
         "Runtime" : "08s",
         "Executable Run Time" : "08s",
         "fpga_mapper" : {
            "executable" : "bin64/m_generic.exe",
            "Run Directory" : "C:/Users/felix/Documents/Master_1ECAM/FPGA/lab/lab_1",
            "Run State" : "Complete",
            "Return Code" : "1",
            "Run Success" : "yes",
            "Run Start Time" : "11:43:51",
            "Run Time" : "08s",
            "Exe Run Time" : "08s",
            "Memory Usage" : "-",
            "Up-to-date (run skipped)" : "no"
         }
      }
   }
}
}