###########################################################[

Copyright (C) 1994-2025 Synopsys, Inc.
This Synopsys software and all associated documentation are proprietary to Synopsys, Inc.
and may only be used pursuant to the terms and conditions of a written license agreement
with Synopsys, Inc. All other use, reproduction, modification, or distribution of the
Synopsys software or the associated documentation is strictly prohibited.
Tool: Synplify Pro (R)
Build: W-2025.03LR-SP1
Install: C:\lscc\radiant\2025.2\synpbase
OS: Windows 10 or later
Hostname: PCDEFèLIX

Implementation : lab_1
Synopsys VHDL Compiler, Version comp202503synp2, Build 178R, Built Nov 11 2025 09:38:30, @

@N|Running in 64-bit mode
@N:"C:\Users\felix\Documents\Master_1ECAM\FPGA\lab3_files\led.vhd":5:7:5:9|Top entity is set to led.
@N: CD140 :	| Using the VHDL 1993 Standard for file 'C:/lscc/radiant/2025.2/ip/pmi/pmi_iCE40UP.vhd'.
@N: CD140 :	| Using the VHDL 1993 Standard for file 'C:/Users/felix/Documents/Master_1ECAM/FPGA/lab3_files/led.vhd'.
@N: CD140 :	| Using the VHDL 1993 Standard for file 'C:/lscc/radiant/2025.2/cae_library/synthesis/vhdl/iCE40UP.vhd'.

At c_vhdl Exit (Real Time elapsed 0h:00m:00s; CPU Time elapsed 0h:00m:00s; Memory used current: 149MB peak: 150MB)

Process took 0h:00m:01s realtime, 0h:00m:01s cputime

Process completed successfully.
# Mon May  4 11:43:40 2026

###########################################################]
